生成启动时间为 2016/11/4 15:25:01。
     1>项目“C:\Users\asus\Desktop\链表的操作\LLink\LLink\LLink.vcxproj”在节点 2 上(Build 个目标)。
     1>ClCompile:
         D:\vs2013\VC\bin\CL.exe /c /ZI /nologo /W3 /WX- /sdl /Od /Oy- /D WIN32 /D _DEBUG /D _CONSOLE /D _LIB /D _UNICODE /D UNICODE /Gm /EHsc /RTC1 /MDd /GS /fp:precise /Zc:wchar_t /Zc:forScope /Fo"Debug\\" /Fd"Debug\vc120.pdb" /Gd /TP /analyze- /errorReport:prompt Link.cpp
         Link.cpp
     1>c:\users\asus\desktop\链表的操作\llink\llink\link.cpp(252): warning C4244: “初始化”: 从“double”转换到“int”，可能丢失数据
     1>c:\users\asus\desktop\链表的操作\llink\llink\link.cpp(259): warning C4258: “i”: 忽略 For 循环中的定义；使用封闭范围中的定义
                 c:\users\asus\desktop\链表的操作\llink\llink\link.cpp(254) : 忽略“i”的定义
                 c:\users\asus\desktop\链表的操作\llink\llink\link.cpp(248) : 使用“i”的定义
     1>c:\users\asus\desktop\链表的操作\llink\llink\link.cpp(259): warning C4244: “初始化”: 从“double”转换到“int”，可能丢失数据
     1>c:\users\asus\desktop\链表的操作\llink\llink\link.cpp(288): warning C4258: “i”: 忽略 For 循环中的定义；使用封闭范围中的定义
                 c:\users\asus\desktop\链表的操作\llink\llink\link.cpp(254) : 忽略“i”的定义
                 c:\users\asus\desktop\链表的操作\llink\llink\link.cpp(248) : 使用“i”的定义
       Link:
         D:\vs2013\VC\bin\link.exe /ERRORREPORT:PROMPT /OUT:"C:\Users\asus\Desktop\链表的操作\LLink\Debug\LLink.exe" /INCREMENTAL /NOLOGO kernel32.lib user32.lib gdi32.lib winspool.lib comdlg32.lib advapi32.lib shell32.lib ole32.lib oleaut32.lib uuid.lib odbc32.lib odbccp32.lib /MANIFEST /MANIFESTUAC:"level='asInvoker' uiAccess='false'" /manifest:embed /DEBUG /PDB:"C:\Users\asus\Desktop\链表的操作\LLink\Debug\LLink.pdb" /SUBSYSTEM:CONSOLE /TLBID:1 /DYNAMICBASE /NXCOMPAT /IMPLIB:"C:\Users\asus\Desktop\链表的操作\LLink\Debug\LLink.lib" /MACHINE:X86 Debug\Link.obj
         Debug\main.obj
         LLink.vcxproj -> C:\Users\asus\Desktop\链表的操作\LLink\Debug\LLink.exe
     1>已完成生成项目“C:\Users\asus\Desktop\链表的操作\LLink\LLink\LLink.vcxproj”(Build 个目标)的操作。

生成成功。

已用时间 00:00:01.14
